0 info it worked if it ends with ok
1 verbose cli [ 'C:\\Program Files\\nodejs\\node.exe',
1 verbose cli   'C:\\Program Files\\nodejs\\node_modules\\npm\\bin\\npm-cli.js',
1 verbose cli   'publish',
1 verbose cli   '--access=public' ]
2 info using npm@3.10.10
3 info using node@v6.10.1
4 verbose publish [ '.' ]
5 silly cache add args [ '.', null ]
6 verbose cache add spec .
7 silly cache add parsed spec Result {
7 silly cache add   raw: '.',
7 silly cache add   scope: null,
7 silly cache add   escapedName: null,
7 silly cache add   name: null,
7 silly cache add   rawSpec: '.',
7 silly cache add   spec: 'C:\\Users\\Dee\\KsProject\\generator-react-menu',
7 silly cache add   type: 'directory' }
8 verbose addLocalDirectory C:\Users\Dee\AppData\Roaming\npm-cache\generator-react-menu\0.1.2\package.tgz not in flight; packing
9 verbose correctMkdir C:\Users\Dee\AppData\Roaming\npm-cache correctMkdir not in flight; initializing
10 info lifecycle generator-react-menu@0.1.2~prepublish: generator-react-menu@0.1.2
11 silly lifecycle generator-react-menu@0.1.2~prepublish: no script for prepublish, continuing
12 verbose tar pack [ 'C:\\Users\\Dee\\AppData\\Roaming\\npm-cache\\generator-react-menu\\0.1.2\\package.tgz',
12 verbose tar pack   'C:\\Users\\Dee\\KsProject\\generator-react-menu' ]
13 verbose tarball C:\Users\Dee\AppData\Roaming\npm-cache\generator-react-menu\0.1.2\package.tgz
14 verbose folder C:\Users\Dee\KsProject\generator-react-menu
15 verbose addLocalTarball adding from inside cache C:\Users\Dee\AppData\Roaming\npm-cache\generator-react-menu\0.1.2\package.tgz
16 verbose correctMkdir C:\Users\Dee\AppData\Roaming\npm-cache correctMkdir not in flight; initializing
17 silly cache afterAdd generator-react-menu@0.1.2
18 verbose afterAdd C:\Users\Dee\AppData\Roaming\npm-cache\generator-react-menu\0.1.2\package\package.json not in flight; writing
19 verbose correctMkdir C:\Users\Dee\AppData\Roaming\npm-cache correctMkdir not in flight; initializing
20 verbose afterAdd C:\Users\Dee\AppData\Roaming\npm-cache\generator-react-menu\0.1.2\package\package.json written
21 silly publish { name: 'generator-react-menu',
21 silly publish   author: { name: 'JonDi' },
21 silly publish   version: '0.1.2',
21 silly publish   main: 'index.js',
21 silly publish   description: '基于react+redux+react-router+es6+webpack的项目目录生成器',
21 silly publish   scripts: { test: 'echo "Error: no test specified" && exit 1' },
21 silly publish   repository:
21 silly publish    { type: 'git',
21 silly publish      url: 'git+https://github.com/Deeeeeee/generator-react-menu.git' },
21 silly publish   keywords: [ 'yeoman-generator' ],
21 silly publish   license: 'MIT',
21 silly publish   dependencies:
21 silly publish    { chai: '^3.3.0',
21 silly publish      chalk: '^1.1.1',
21 silly publish      'fs-extra': '^0.24.0',
21 silly publish      mocha: '^2.3.3',
21 silly publish      'yeoman-generator': '^0.24.1',
21 silly publish      yosay: '^1.0.5' },
21 silly publish   readme: '# generator-react-menu\r\n> 基于react+redux+react-router+es6+webpack的项目目录生成器\r\n\r\n### 安装\r\n`npm install generator-react-menu`\r\n\r\n### 运行命令\r\n`node server.js`\r\n\t\r\n### 打包命令\r\n1. `npm run build-test`\r\n2. `npm run build-pro`\r\n\r\n### 代理配置\r\nserver.js 默认localhost:8080\r\n\r\n```javascript\r\napp.use(\r\n\'/service-core/web\',\r\nproxy(\'/\',{\r\n    target: \'http://localhost:8080\',\r\n    changeOrigin: true,\r\n    ws: true,\r\n}));\r\n```\r\n\r\n### 日志配置\r\nsrc/store/configureStore.js\r\n\r\n```javascript\r\nif (process.env.NODE_ENV === \'production\') {\r\n\tmodule.exports = require(\'./configureStore.prod\')\r\n} else {\r\n    module.exports = require(\'./configureStore.dev\')\r\n}\r\n```\r\n\r\n\r\n\r\n',
21 silly publish   readmeFilename: 'README.md',
21 silly publish   gitHead: '15cc6ec133b60e2e1206279d10ca17d7bdd3ebf4',
21 silly publish   bugs: { url: 'https://github.com/Deeeeeee/generator-react-menu/issues' },
21 silly publish   homepage: 'https://github.com/Deeeeeee/generator-react-menu#readme',
21 silly publish   _id: 'generator-react-menu@0.1.2',
21 silly publish   _shasum: '9d4beb0f9648eaf4b296ff10ddf1e6238d67b4c3',
21 silly publish   _from: '.' }
22 verbose getPublishConfig undefined
23 silly mapToRegistry name generator-react-menu
24 silly mapToRegistry using default registry
25 silly mapToRegistry registry https://registry.npmjs.org/
26 silly mapToRegistry data Result {
26 silly mapToRegistry   raw: 'generator-react-menu',
26 silly mapToRegistry   scope: null,
26 silly mapToRegistry   escapedName: 'generator-react-menu',
26 silly mapToRegistry   name: 'generator-react-menu',
26 silly mapToRegistry   rawSpec: '',
26 silly mapToRegistry   spec: 'latest',
26 silly mapToRegistry   type: 'tag' }
27 silly mapToRegistry uri https://registry.npmjs.org/generator-react-menu
28 verbose publish registryBase https://registry.npmjs.org/
29 silly publish uploading C:\Users\Dee\AppData\Roaming\npm-cache\generator-react-menu\0.1.2\package.tgz
30 verbose request uri https://registry.npmjs.org/generator-react-menu
31 verbose request sending authorization for write operation
32 info attempt registry request try #1 at 17:20:46
33 verbose request using bearer token for auth
34 verbose request id 2842d8e14a847bd4
35 http request PUT https://registry.npmjs.org/generator-react-menu
36 http 403 https://registry.npmjs.org/generator-react-menu
37 verbose headers { 'content-type': 'application/json',
37 verbose headers   'cache-control': 'max-age=300',
37 verbose headers   'content-length': '95',
37 verbose headers   'accept-ranges': 'bytes',
37 verbose headers   date: 'Tue, 04 Jul 2017 09:20:11 GMT',
37 verbose headers   via: '1.1 varnish',
37 verbose headers   connection: 'keep-alive',
37 verbose headers   'x-served-by': 'cache-nrt6125-NRT',
37 verbose headers   'x-cache': 'MISS',
37 verbose headers   'x-cache-hits': '0',
37 verbose headers   'x-timer': 'S1499160010.796155,VS0,VE1787',
37 verbose headers   vary: 'Accept-Encoding' }
38 verbose request invalidating C:\Users\Dee\AppData\Roaming\npm-cache\registry.npmjs.org\generator-react-menu on PUT
39 error publish Failed PUT 403
40 verbose stack Error: "You cannot publish over the previously published version 0.1.2." : generator-react-menu
40 verbose stack     at makeError (C:\Program Files\nodejs\node_modules\npm\node_modules\npm-registry-client\lib\request.js:302:12)
40 verbose stack     at CachingRegistryClient.<anonymous> (C:\Program Files\nodejs\node_modules\npm\node_modules\npm-registry-client\lib\request.js:290:14)
40 verbose stack     at Request._callback (C:\Program Files\nodejs\node_modules\npm\node_modules\npm-registry-client\lib\request.js:210:14)
40 verbose stack     at Request.self.callback (C:\Program Files\nodejs\node_modules\npm\node_modules\request\request.js:187:22)
40 verbose stack     at emitTwo (events.js:106:13)
40 verbose stack     at Request.emit (events.js:191:7)
40 verbose stack     at Request.<anonymous> (C:\Program Files\nodejs\node_modules\npm\node_modules\request\request.js:1048:10)
40 verbose stack     at emitOne (events.js:96:13)
40 verbose stack     at Request.emit (events.js:188:7)
40 verbose stack     at IncomingMessage.<anonymous> (C:\Program Files\nodejs\node_modules\npm\node_modules\request\request.js:969:12)
41 verbose statusCode 403
42 verbose pkgid generator-react-menu
43 verbose cwd C:\Users\Dee\KsProject\generator-react-menu
44 error Windows_NT 10.0.15063
45 error argv "C:\\Program Files\\nodejs\\node.exe" "C:\\Program Files\\nodejs\\node_modules\\npm\\bin\\npm-cli.js" "publish" "--access=public"
46 error node v6.10.1
47 error npm  v3.10.10
48 error code E403
49 error "You cannot publish over the previously published version 0.1.2." : generator-react-menu
50 error If you need help, you may report this error at:
50 error     <https://github.com/npm/npm/issues>
51 verbose exit [ 1, true ]
